\BOOKMARK [1][-]{section.1}{Introduction}{}% 1
\BOOKMARK [2][-]{subsection.1.1}{Previous Reviews}{section.1}% 2
\BOOKMARK [1][-]{section.2}{Background of Unsupervised Learning and Visual Analytics Techniques}{}% 3
\BOOKMARK [2][-]{subsection.2.1}{Clustering}{section.2}% 4
\BOOKMARK [2][-]{subsection.2.2}{Novelty Detection}{section.2}% 5
\BOOKMARK [2][-]{subsection.2.3}{Motif and Discord Detection}{section.2}% 6
\BOOKMARK [2][-]{subsection.2.4}{Rule Extraction}{section.2}% 7
\BOOKMARK [2][-]{subsection.2.5}{Visual Analytics}{section.2}% 8
\BOOKMARK [1][-]{section.3}{Methodology and Overview of Publications}{}% 9
\BOOKMARK [2][-]{subsection.3.1}{Specific Techniques}{section.3}% 10
\BOOKMARK [2][-]{subsection.3.2}{Research Sectors}{section.3}% 11
\BOOKMARK [2][-]{subsection.3.3}{Publications Venues}{section.3}% 12
\BOOKMARK [1][-]{section.4}{Smart Meter Analytics}{}% 13
\BOOKMARK [2][-]{subsection.4.1}{Load Profiling}{section.4}% 14
\BOOKMARK [2][-]{subsection.4.2}{Customer Classification}{section.4}% 15
\BOOKMARK [2][-]{subsection.4.3}{Disaggregation}{section.4}% 16
\BOOKMARK [1][-]{section.5}{Portfolio Analytics}{}% 17
\BOOKMARK [2][-]{subsection.5.1}{Characterization}{section.5}% 18
\BOOKMARK [2][-]{subsection.5.2}{Classification}{section.5}% 19
\BOOKMARK [2][-]{subsection.5.3}{Targeting}{section.5}% 20
\BOOKMARK [1][-]{section.6}{Operations, Optimization, and Controls}{}% 21
\BOOKMARK [2][-]{subsection.6.1}{Occupancy Detection}{section.6}% 22
\BOOKMARK [2][-]{subsection.6.2}{Controls}{section.6}% 23
\BOOKMARK [2][-]{subsection.6.3}{Energy Management}{section.6}% 24
\BOOKMARK [1][-]{section.7}{Anomaly Detection}{}% 25
\BOOKMARK [2][-]{subsection.7.1}{Whole Building}{section.7}% 26
\BOOKMARK [2][-]{subsection.7.2}{Subsystems}{section.7}% 27
\BOOKMARK [2][-]{subsection.7.3}{Components}{section.7}% 28
\BOOKMARK [1][-]{section.8}{Discussion}{}% 29
\BOOKMARK [2][-]{subsection.8.1}{Challenges}{section.8}% 30
\BOOKMARK [2][-]{subsection.8.2}{Opportunities}{section.8}% 31
\BOOKMARK [1][-]{section.9}{Conclusion}{}% 32
\BOOKMARK [1][-]{section.10}{Acknowledgments}{}% 33
